(..system..) Starting Application. 2019. 11. 14. 15:48:59
(..system..) (Status) [Warning] {Error} <Debug>
(uses) Logger.pas, version 1.14
(uses) QuickSortUnit.pas, version 1.01
(uses) Lists.pas, version 3.15
(uses) MKToolbox.pas, version 3.42
(uses) MAD4LowLevelUnit.pas, version 1.10a
(uses) MyZStreamUnit.pas, version 1.02
(uses) RLEUnit.pas, version 1.25a
(uses) HuffmanUnit.pas, version 1.03a
(uses) CodingUnit.pas, version 1.08
(uses) CompressorUnit.pas, version 1.22
(uses) MAD4MidLevelUnit.pas, version 1.10a
(uses) MAD4HighLevelUnit.pas, version 1.05
(uses) MKStream.pas, version 2.08
(uses) RawPictureUnit.pas, version 1.31
(uses) FastPaletteUnit.pas, version 1.05
(uses) RawPictureTGAUnit.pas, version 1.01
(uses) RawPictureCELUnit.pas, version 1.00
(uses) CSVRead2Unit.pas, version 1.07
(uses) CSVRead3Unit.pas, version 1.05
(uses) CSVFileUnit.pas, version 1.24
(uses) LogTicksUnit.pas, version 1.05
Minimum logging level set to STATUS
() 130 frames loaded.
() 0, 404
() 0. 0 (0)
() 1. 47 (0)
() 2. 46 (0)
() 3. 44 (0)
() 4. 45 (0)
() 5. 49 (0)
() 6. 129 (0)
() 7. 128 (0)
() 8. 40 (0)
() 9. 41 (0)
() 10. 42 (0)
() 11. 43 (0)
() 12. 64 (0)
() 13. 70 (0)
() 14. 71 (0)
() 15. 72 (0)
() 16. 73 (0)
() 17. 74 (0)
() 18. 75 (0)
() 19. 76 (0)
() 20. 77 (0)
() 21. 48 (0)
() 22. 30 (0)
() 23. 109 (0)
() 24. 107 (0)
() 25. 56 (0)
() 26. 57 (0)
() 27. 58 (0)
() 28. 59 (0)
() 29. 60 (0)
() 30. 61 (0)
() 31. 62 (0)
() 32. 63 (0)
() 33. 78 (0)
() 34. 79 (0)
() 35. 80 (0)
() 36. 110 (0)
() 37. 100 (0)
() 38. 119 (0)
() 39. 125 (0)
() 40. 120 (0)
() 41. 122 (0)
() 42. 121 (0)
() 43. 123 (0)
() 44. 124 (0)
() 45. 126 (0)
() 46. 127 (0)
() 47. 8 (0)
() 48. 9 (0)
() 49. 10 (0)
() 50. 12 (0)
() 51. 13 (0)
() 52. 14 (0)
() 53. 11 (0)
() 54. 15 (0)
() 55. 103 (0)
() 56. 114 (0)
() 57. 98 (0)
() 58. 112 (0)
() 59. 113 (0)
() 60. 90 (0)
() 61. 115 (0)
() 62. 116 (0)
() 63. 118 (0)
() 64. 117 (0)
() 65. 17 (0)
() 66. 19 (0)
() 67. 20 (0)
() 68. 21 (0)
() 69. 22 (0)
() 70. 23 (0)
() 71. 16 (0)
() 72. 18 (0)
() 73. 51 (0)
() 74. 52 (0)
() 75. 53 (0)
() 76. 54 (0)
() 77. 55 (0)
() 78. 102 (0)
() 79. 6 (0)
() 80. 4 (0)
() 81. 5 (0)
() 82. 2 (0)
() 83. 3 (0)
() 84. 7 (0)
() 85. 1 (0)
() 86. 65 (0)
() 87. 66 (0)
() 88. 67 (0)
() 89. 68 (0)
() 90. 69 (0)
() 91. 101 (0)
() 92. 25 (0)
() 93. 92 (0)
() 94. 24 (0)
() 95. 26 (0)
() 96. 28 (0)
() 97. 91 (0)
() 98. 93 (0)
() 99. 95 (0)
() 100. 27 (0)
() 101. 29 (0)
() 102. 94 (0)
() 103. 96 (0)
() 104. 31 (0)
() 105. 32 (0)
() 106. 33 (0)
() 107. 34 (0)
() 108. 35 (0)
() 109. 36 (0)
() 110. 37 (0)
() 111. 38 (0)
() 112. 105 (0)
() 113. 50 (0)
() 114. 104 (0)
() 115. 99 (1)
() 116. 97 (1)
() 117. 39 (1)
() 118. 108 (1)
() 119. 89 (1)
() 120. 106 (1)
() 121. 111 (1)
() 122. 81 (1)
() 123. 82 (1)
() 124. 83 (1)
() 125. 84 (1)
() 126. 85 (1)
() 127. 86 (1)
() 128. 87 (1)
() 129. 88 (1)
(..system..) Terminating Application. 2019. 11. 14. 15:48:59
