(..system..) Starting Application. 2019. 11. 15. 16:09:50
(..system..) (Status) [Warning] {Error} <Debug>
(uses) Logger.pas, version 1.14
(uses) QuickSortUnit.pas, version 1.01
(uses) Lists.pas, version 3.15
(uses) MKToolbox.pas, version 3.42
(uses) MAD4LowLevelUnit.pas, version 1.10a
(uses) MyZStreamUnit.pas, version 1.02
(uses) RLEUnit.pas, version 1.25a
(uses) HuffmanUnit.pas, version 1.03a
(uses) CodingUnit.pas, version 1.08
(uses) CompressorUnit.pas, version 1.22
(uses) MAD4MidLevelUnit.pas, version 1.10a
(uses) MAD4HighLevelUnit.pas, version 1.05
(uses) MKStream.pas, version 2.08
(uses) RawPictureUnit.pas, version 1.31
(uses) ImageUnit.pas, version 1.11
(uses) MK_SDL.pas, version 1.2.0b
(uses) MKAudio.pas, version 1.0.0
(uses) MusicUnit.pas, version 1.02
(uses) MKINIFile.pas, version 2.17
(uses) MusicCollectionUnit.pas, version 1.56a
(uses) MKFonts.pas, version 2.40
(uses) SmallFontUnit.pas, version 1.05
(uses) PlayerRegistryUnit.pas, version 3.05
(LTRN_VMUUnit.pp, Initialize) Initializing VMU...
(LTRN_VMUUnit.pp, Initialize) VMU initialized.
(uses) WaveUnit.pas, version 1.01a
(uses) WaveCollectionUnit.pas, version 1.54a
(uses) FontCollectionUnit.pas, version 1.07
(uses) ScrollUnit.pas, version 2.07
(uses) StackUnit.pas, version 1.02
(uses) MKMouse.pas, version 2.03
(uses) vcc_Menu.pas, version 2.13
(uses) LexerUnit.pas, version 1.18
(uses) MaskUnit.pas, version 1.01
(uses) ImageListUnit.pas, version 1.00
(uses) AnimationListUnit.pas, version 1.01
(uses) ILBInterpreterUnit.pas, version 1.00
(uses) ImageListLoaderUnit.pas, version 1.00
(uses) SetupCommandUnit.pas, version 1.08
(uses) VisualComponentUnit.pas, version 1.06
(uses) vcc_EditBox.pas, version 3.05a
(uses) LogicalSpriteUnit.pas, version 1.01
(uses) AnimatedSpriteUnit.pas, version 1.01
(uses) FastPaletteUnit.pas, version 1.05
(uses) RawPictureTGAUnit.pas, version 1.01
Minimum logging level set to STATUS
-------------------------------------------------------------------------
<LTRN_MainUnit.pp, TMain.Create> LittleTrain V0.1 Build 0508 (2019.10.03)
-------------------------------------------------------------------------
(MKAudio.pas, Init_Audio) BASS V2.4 loaded.
(MKAudio.pas, Init_Audio) BASS: Device initialized.
{MAD4LowLevelUnit.pas, TMAD4LowLevel.Mount} Not a MAD4 file!
(MusicUnit.pas, TMusic.Create) BASS: Loading littletrain_end.mo3 was successful. (fMusic=2684354561)
{MusicUnit.pas, TMusic.Create} BASS: Loading littletrain_in.mp3 failed
{MusicUnit.pas, TMusic.Create} BASS: Loading littletrain_opt.mp3 failed
< Trace > MusicCollection listing starts.
< Trace > 1. Ending
< Trace > 2. Ingame
< Trace > 3. Menu
< Trace > MusicCollection listing ends.
(FontCollectionUnit.pas, TFontCollection.Load) Game.Fonts
(MKFonts.pas, LoadFont) Font.0
(MKFonts.pas, LoadFont) Font successfully loaded.
(MKFonts.pas, LoadFont) Font.1
(MKFonts.pas, LoadFont) Font successfully loaded.
(MKFonts.pas, LoadFont) Font.2
(MKFonts.pas, LoadFont) Font successfully loaded.
(MKFonts.pas, LoadFont) Font.3
(MKFonts.pas, LoadFont) Font successfully loaded.
(MKFonts.pas, LoadFont) Font.4
(MKFonts.pas, LoadFont) Font successfully loaded.
(MKFonts.pas, LoadFont) Font.5
(MKFonts.pas, LoadFont) Font successfully loaded.
(MKFonts.pas, LoadFont) Font.6
(MKFonts.pas, LoadFont) Font successfully loaded.
(MKFonts.pas, LoadFont) Font.7
(MKFonts.pas, LoadFont) Font successfully loaded.
(MKFonts.pas, LoadFont) Font.8
(MKFonts.pas, LoadFont) Font successfully loaded.
(LTRN_MapListUnit.pp, TMapList.Create) 51 map(s) loaded.
< Trace > 
< Trace > Length: 1 - T[0](x,y): (128,336) - T[last](x,y): (128,336)
< Trace > Length: 1 - T[0](x,y): (160,336) - T[last](x,y): (160,336)
< Trace > Length: 1 - T[0](x,y): (192,336) - T[last](x,y): (192,336)
< Trace > Length: 1 - T[0](x,y): (192,304) - T[last](x,y): (192,304)
< Trace > Pickup x,y,type: 6, 7, 67
< Trace > Length: 2 - T[0](x,y): (192,272) - T[last](x,y): (192,304)
< Trace > Pickup x,y,type: 6, 6, 67
< Trace > Length: 3 - T[0](x,y): (192,240) - T[last](x,y): (192,304)
< Trace > Pickup x,y,type: 6, 5, 67
< Trace > Length: 4 - T[0](x,y): (192,208) - T[last](x,y): (192,304)
< Trace > Pickup x,y,type: 6, 4, 67
< Trace > Length: 5 - T[0](x,y): (192,176) - T[last](x,y): (192,304)
< Trace > Pickup x,y,type: 6, 3, 65
< Trace > Length: 6 - T[0](x,y): (192,144) - T[last](x,y): (192,304)
< Trace > Length: 6 - T[0](x,y): (224,144) - T[last](x,y): (192,272)
< Trace > Length: 6 - T[0](x,y): (224,176) - T[last](x,y): (192,240)
< Trace > Pickup x,y,type: 7, 5, 67
< Trace > Length: 7 - T[0](x,y): (224,208) - T[last](x,y): (192,240)
< Trace > Pickup x,y,type: 7, 6, 67
< Trace > Length: 8 - T[0](x,y): (224,240) - T[last](x,y): (192,240)
< Trace > Pickup x,y,type: 7, 7, 67
< Trace > Length: 9 - T[0](x,y): (224,272) - T[last](x,y): (192,240)
< Trace > Pickup x,y,type: 8, 7, 67
< Trace > Length: 10 - T[0](x,y): (256,272) - T[last](x,y): (192,240)
< Trace > Pickup x,y,type: 8, 6, 67
< Trace > Length: 11 - T[0](x,y): (256,240) - T[last](x,y): (192,240)
< Trace > Pickup x,y,type: 8, 5, 67
< Trace > Length: 12 - T[0](x,y): (256,208) - T[last](x,y): (192,240)
< Trace > Pickup x,y,type: 8, 4, 67
< Trace > Length: 13 - T[0](x,y): (256,176) - T[last](x,y): (192,240)
< Trace > Pickup x,y,type: 8, 3, 65
< Trace > Length: 14 - T[0](x,y): (256,144) - T[last](x,y): (192,240)
< Trace > Length: 14 - T[0](x,y): (288,144) - T[last](x,y): (192,208)
< Trace > Length: 14 - T[0](x,y): (288,176) - T[last](x,y): (192,176)
< Trace > Pickup x,y,type: 9, 5, 67
< Trace > Length: 15 - T[0](x,y): (288,208) - T[last](x,y): (192,176)
< Trace > Pickup x,y,type: 9, 6, 67
< Trace > Length: 16 - T[0](x,y): (288,240) - T[last](x,y): (192,176)
< Trace > Pickup x,y,type: 9, 7, 67
< Trace > Length: 17 - T[0](x,y): (288,272) - T[last](x,y): (192,176)
< Trace > Pickup x,y,type: 10, 7, 67
< Trace > Length: 18 - T[0](x,y): (320,272) - T[last](x,y): (192,176)
< Trace > Pickup x,y,type: 10, 6, 67
< Trace > Length: 19 - T[0](x,y): (320,240) - T[last](x,y): (192,176)
< Trace > Pickup x,y,type: 10, 5, 67
< Trace > Length: 20 - T[0](x,y): (320,208) - T[last](x,y): (192,176)
< Trace > Pickup x,y,type: 10, 4, 67
< Trace > Length: 21 - T[0](x,y): (320,176) - T[last](x,y): (192,176)
< Trace > Pickup x,y,type: 10, 3, 65
< Trace > Length: 22 - T[0](x,y): (320,144) - T[last](x,y): (192,176)
< Trace > Length: 22 - T[0](x,y): (352,144) - T[last](x,y): (192,144)
< Trace > Pickup x,y,type: 12, 3, 65
< Trace > Length: 23 - T[0](x,y): (384,144) - T[last](x,y): (192,144)
< Trace > Pickup x,y,type: 12, 4, 67
< Trace > Length: 24 - T[0](x,y): (384,176) - T[last](x,y): (192,144)
< Trace > Pickup x,y,type: 12, 5, 67
< Trace > Length: 25 - T[0](x,y): (384,208) - T[last](x,y): (192,144)
< Trace > Pickup x,y,type: 11, 5, 67
< Trace > Length: 26 - T[0](x,y): (352,208) - T[last](x,y): (192,144)
< Trace > Pickup x,y,type: 11, 6, 67
< Trace > Length: 27 - T[0](x,y): (352,240) - T[last](x,y): (192,144)
< Trace > Pickup x,y,type: 11, 7, 67
< Trace > Length: 28 - T[0](x,y): (352,272) - T[last](x,y): (192,144)
< Trace > Pickup x,y,type: 12, 7, 67
< Trace > Length: 29 - T[0](x,y): (384,272) - T[last](x,y): (192,144)
< Trace > Pickup x,y,type: 12, 6, 67
< Trace > Length: 30 - T[0](x,y): (384,240) - T[last](x,y): (192,144)
< Trace > Length: 30 - T[0](x,y): (416,240) - T[last](x,y): (224,144)
< Trace > Length: 30 - T[0](x,y): (416,272) - T[last](x,y): (224,176)
< Trace > Length: 30 - T[0](x,y): (416,304) - T[last](x,y): (224,208)
< Trace > Length: 30 - T[0](x,y): (416,336) - T[last](x,y): (224,240)
< Trace > Length: 30 - T[0](x,y): (384,336) - T[last](x,y): (224,272)
< Trace > Length: 30 - T[0](x,y): (352,336) - T[last](x,y): (256,272)
< Trace > Length: 30 - T[0](x,y): (320,336) - T[last](x,y): (256,240)
< Trace > Length: 30 - T[0](x,y): (288,336) - T[last](x,y): (256,208)
< Trace > Length: 30 - T[0](x,y): (288,368) - T[last](x,y): (256,176)
< Trace > Length: 30 - T[0](x,y): (288,400) - T[last](x,y): (256,144)
< Trace > Pickup x,y,type: 9, 12, 280404842
